Removed Pin From Net: NetName=GND Pin=C3-1
Removed Pin From Net: NetName=275V DC Pin=C3-2
Removed Pin From Net: NetName=GND Pin=C4-1
Removed Pin From Net: NetName=VCC Pin=C4-2
Removed Pin From Net: NetName=GND Pin=C5-1
Removed Pin From Net: NetName=VCC Pin=C5-2
Removed Pin From Net: NetName=GND Pin=C8-2
Removed Pin From Net: NetName=GND Pin=C11-1
Removed Pin From Net: NetName=48V Pin=C11-2
Removed Pin From Net: NetName=48V Pin=C12-1
Removed Pin From Net: NetName=GND Pin=C12-2
Removed Pin From Net: NetName=NetC2_2 Pin=D1-1
Removed Pin From Net: NetName=NetC2_2 Pin=D2-2
Removed Pin From Net: NetName=NetC2_1 Pin=D3-1
Removed Pin From Net: NetName=NetC2_1 Pin=D4-2
Removed Pin From Net: NetName=Live Pin=F1-1
Removed Pin From Net: NetName=NetC1_2 Pin=F1-2
Removed Pin From Net: NetName=NetC2_1 Pin=L1-1
Removed Pin From Net: NetName=NetC2_2 Pin=L1-2
Removed Pin From Net: NetName=NetC1_2 Pin=L1-3
Removed Pin From Net: NetName=NetC1_1 Pin=L1-4
Removed Pin From Net: NetName=NetC1_1 Pin=R1-2
Removed Pin From Net: NetName=275V DC Pin=R2-1
Removed Pin From Net: NetName=VCC Pin=R2-2
Removed Pin From Net: NetName=GND Pin=R3-2
Removed Pin From Net: NetName=NetC8_1 Pin=R5-1
Removed Pin From Net: NetName=NetC6_1 Pin=R5-2
Removed Pin From Net: NetName=NetC7_1 Pin=R6-1
Removed Pin From Net: NetName=NetC7_2 Pin=R6-2
Removed Pin From Net: NetName=48V Pin=R12-1
Removed Pin From Net: NetName=NetD7_1 Pin=R13-2
Removed Pin From Net: NetName=NetD5_1 Pin=R19-1
Removed Pin From Net: NetName=NetC16_1 Pin=R19-2
Removed Pin From Net: NetName=NetD6_2 Pin=T1-2
Removed Pin From Net: NetName=275V DC Pin=T1-4
Removed Pin From Net: NetName=NetD9_2 Pin=T1-5
Removed Pin From Net: NetName=GND Pin=T1-6
Removed Pin From Net: NetName=NetD5_1 Pin=T1-8
Removed Pin From Net: NetName=GND Pin=T1-10
Change Component Footprint: Designator=F1 Old Footprint=FP-0218010_HXP-MFG New Footprint=SHK20L
Change Footprint: Cannot match pads with new footprint in component :C7 Footprint:C-1
Change Footprint: Cannot match pads with new footprint in component :C9 Footprint:C-1
Change Footprint: Cannot match pads with new footprint in component :C13 Footprint:C-1
Change Footprint: Cannot match pads with new footprint in component :C16 Footprint:C-1
Change Component Footprint: Designator=C3 Old Footprint=FP-BXW18X30-MFG New Footprint=C5B2.5
Change Component Footprint: Designator=R2 Old Footprint=FP-PR02000201003JA100-MFG New Footprint=R-12,5
Change Component Footprint: Designator=C1 Old Footprint=FP-R46KF310040P1M-MFG New Footprint=C-15
Change Component Footprint: Designator=C2 Old Footprint=FP-R46KF310040P1M-MFG New Footprint=C-15
Change Component Footprint: Designator=C4 Old Footprint=FP-RAD-TH-D_6_3_0_5-L_11-MFG New Footprint=C2.5-2
Change Component Footprint: Designator=C11 Old Footprint=FP-RAD-TH-D_10_0_5-L_20_2-MFG New Footprint=C2.5-2
Change Component Footprint: Designator=C8 Old Footprint=FP-RCE0DB-MFG New Footprint=C-15
Change Component Footprint: Designator=C12 Old Footprint=FP-RCE0K1-MFG New Footprint=C-1
Change Component Footprint: Designator=C15 Old Footprint=FP-RCE0K1-MFG New Footprint=C-15
Change Footprint: Cannot match pads with new footprint in component :C14 Footprint:C-1
Change Component Footprint: Designator=C5 Old Footprint=FP-RDE0P1-MFG New Footprint=C-1
Change Footprint: Cannot match pads with new footprint in component :C6 Footprint:C-1
Change Component Footprint: Designator=C10 Old Footprint=FP-RDE2M1-MFG New Footprint=C-15
Change Component Footprint: Designator=R3 Old Footprint=FP-RLP01-MFG New Footprint=R-12,5
Change Footprint: Cannot match pads with new footprint in component :R7 Footprint:R-12,5
Change Component Footprint: Designator=R4 Old Footprint=RESA60-630X240 New Footprint=R7-5
Change Component Footprint: Designator=R5 Old Footprint=RESA60-630X240 New Footprint=R7-5
Change Component Footprint: Designator=R6 Old Footprint=RESA60-630X240 New Footprint=R7-5
Change Component Footprint: Designator=R8 Old Footprint=RESA60-630X240 New Footprint=R7-5
Change Component Footprint: Designator=R9 Old Footprint=RESA60-630X240 New Footprint=R7-5
Change Component Footprint: Designator=R10 Old Footprint=RESA60-630X240 New Footprint=R7-5
Change Component Footprint: Designator=R11 Old Footprint=RESA60-630X240 New Footprint=R7-5
Change Component Footprint: Designator=R12 Old Footprint=RESA60-630X240 New Footprint=R7-5
Change Component Footprint: Designator=R13 Old Footprint=RESA60-630X240 New Footprint=R7-5
Change Component Footprint: Designator=R14 Old Footprint=RESA60-630X240 New Footprint=R7-5
Change Component Footprint: Designator=R15 Old Footprint=RESA60-630X240 New Footprint=R7-5
Change Component Footprint: Designator=R16 Old Footprint=RESA60-630X240 New Footprint=R7-5
Change Component Footprint: Designator=R18 Old Footprint=RESA60-630X240 New Footprint=R7-5
Change Component Footprint: Designator=R19 Old Footprint=RESA60-630X240 New Footprint=R7-5
Change Component Footprint: Designator=T1 Old Footprint=WE-LLCR_ETD34 New Footprint=ST-D1
Change Component Comment : Designator=C1 Old Comment=0.1uF New Comment=104/275
Change Component Comment : Designator=C2 Old Comment=0.1uF New Comment=104/275
Change Component Comment : Designator=C5 Old Comment=0.1uF New Comment= 104
Change Component Comment : Designator=C6 Old Comment=0.1uF New Comment= 104
Change Component Comment : Designator=C12 Old Comment=0.1uF New Comment= 104
Change Component Comment : Designator=C13 Old Comment=1nF 2kV New Comment= 104
Change Component Comment : Designator=C16 Old Comment=1nF 2kV New Comment= 104
Change Component Comment : Designator=C7 Old Comment=1nF New Comment= 104
Change Component Comment : Designator=C9 Old Comment=1nF New Comment= 104
Change Component Comment : Designator=R3 Old Comment=1 Ohm New Comment=1 Ohm 1W
Change Component Comment : Designator=C15 Old Comment=3.3nF New Comment= 104/275
Change Component Comment : Designator=C8 Old Comment=4.7nF New Comment= 104/275
Change Component Comment : Designator=C10 Old Comment=10nF 1kV New Comment= 104/275
Change Component Comment : Designator=C14 Old Comment=10nF New Comment= 104
Change Component Comment : Designator=C4 Old Comment=100uF New Comment=100/25
Change Component Comment : Designator=C11 Old Comment=100uF New Comment= 100/25
Change Component Comment : Designator=C3 Old Comment=100uF New Comment=100/450
Change Component Comment : Designator=T1 Old Comment=760895451 New Comment=Ideal Transformer With Central Tap
Change Component Comment : Designator=D8 Old Comment=IR LED New Comment=LED
Change Managed Component Library Link : Designator=C1 Old VaultGUID=B7D15EC3-160A-466F-A46C-7801FE6295A7 New VaultGUID= Old ItemGUID=D42F8D47-D424-45DA-A2C4-98A9E064539E New ItemGUID= Old RevisionGUID=DEFE0B29-2208-45D7-BF83-8C8D5E49F2A1 New RevisionGUID=
Change Managed Component Library Link : Designator=C2 Old VaultGUID=B7D15EC3-160A-466F-A46C-7801FE6295A7 New VaultGUID= Old ItemGUID=D42F8D47-D424-45DA-A2C4-98A9E064539E New ItemGUID= Old RevisionGUID=DEFE0B29-2208-45D7-BF83-8C8D5E49F2A1 New RevisionGUID=
Change Managed Component Library Link : Designator=C3 Old VaultGUID=B7D15EC3-160A-466F-A46C-7801FE6295A7 New VaultGUID= Old ItemGUID=664B66A8-5145-40DB-8830-771170781681 New ItemGUID= Old RevisionGUID=8CA655BC-57D6-4C24-A011-001C3D03C81B New RevisionGUID=
Change Managed Component Library Link : Designator=C4 Old VaultGUID=B7D15EC3-160A-466F-A46C-7801FE6295A7 New VaultGUID= Old ItemGUID=950B629F-1C6C-4C6F-BB06-31838597F02B New ItemGUID= Old RevisionGUID=8ABB6DDA-54DB-418B-BADC-82404C5EF635 New RevisionGUID=
Change Managed Component Library Link : Designator=C5 Old VaultGUID=B7D15EC3-160A-466F-A46C-7801FE6295A7 New VaultGUID= Old ItemGUID=D41EF2B9-32A7-4B2C-A8F2-A1D946B8D141 New ItemGUID= Old RevisionGUID=DD0557EE-091F-4C4B-9313-3CE69CBA9BF6 New RevisionGUID=
Change Managed Component Library Link : Designator=C6 Old VaultGUID=B7D15EC3-160A-466F-A46C-7801FE6295A7 New VaultGUID= Old ItemGUID=D41EF2B9-32A7-4B2C-A8F2-A1D946B8D141 New ItemGUID= Old RevisionGUID=DD0557EE-091F-4C4B-9313-3CE69CBA9BF6 New RevisionGUID=
Change Managed Component Library Link : Designator=C7 Old VaultGUID=B7D15EC3-160A-466F-A46C-7801FE6295A7 New VaultGUID= Old ItemGUID=06CA7359-33CE-4321-8156-9BC4B4439734 New ItemGUID= Old RevisionGUID=4B4B9517-3753-4DF6-8A6D-90FDDE7C9438 New RevisionGUID=
Change Managed Component Library Link : Designator=C8 Old VaultGUID=B7D15EC3-160A-466F-A46C-7801FE6295A7 New VaultGUID= Old ItemGUID=6663935F-2072-4FE2-A2E9-07016DCACD80 New ItemGUID= Old RevisionGUID=08128B43-5B0C-405E-BDD4-57BE8EEABEBA New RevisionGUID=
Change Managed Component Library Link : Designator=C9 Old VaultGUID=B7D15EC3-160A-466F-A46C-7801FE6295A7 New VaultGUID= Old ItemGUID=06CA7359-33CE-4321-8156-9BC4B4439734 New ItemGUID= Old RevisionGUID=4B4B9517-3753-4DF6-8A6D-90FDDE7C9438 New RevisionGUID=
Change Managed Component Library Link : Designator=C10 Old VaultGUID=B7D15EC3-160A-466F-A46C-7801FE6295A7 New VaultGUID= Old ItemGUID=346D9374-2C72-43EC-A1A5-115745411087 New ItemGUID= Old RevisionGUID=1BBA3BF0-304E-480F-9007-83EF697CECE0 New RevisionGUID=
Change Managed Component Library Link : Designator=C11 Old VaultGUID=B7D15EC3-160A-466F-A46C-7801FE6295A7 New VaultGUID= Old ItemGUID=4CCD620B-922E-4308-9696-6A1607EF96E4 New ItemGUID= Old RevisionGUID=185BDF3A-BE9E-44C5-B312-3B66BF0E3CE9 New RevisionGUID=
Change Managed Component Library Link : Designator=C12 Old VaultGUID=B7D15EC3-160A-466F-A46C-7801FE6295A7 New VaultGUID= Old ItemGUID=0CC3C3F6-D1F4-4D8F-A586-9C78992F1AF6 New ItemGUID= Old RevisionGUID=DBA66B93-AD7D-4767-8A0B-224B79575132 New RevisionGUID=
Change Managed Component Library Link : Designator=C13 Old VaultGUID=B7D15EC3-160A-466F-A46C-7801FE6295A7 New VaultGUID= Old ItemGUID=06CA7359-33CE-4321-8156-9BC4B4439734 New ItemGUID= Old RevisionGUID=4B4B9517-3753-4DF6-8A6D-90FDDE7C9438 New RevisionGUID=
Change Managed Component Library Link : Designator=C14 Old VaultGUID=B7D15EC3-160A-466F-A46C-7801FE6295A7 New VaultGUID= Old ItemGUID=47F9B846-E780-4AB1-BAD7-B878E9975E7D New ItemGUID= Old RevisionGUID=79749D41-413D-41F6-88FE-1EBD299065E0 New RevisionGUID=
Change Managed Component Library Link : Designator=C15 Old VaultGUID=B7D15EC3-160A-466F-A46C-7801FE6295A7 New VaultGUID= Old ItemGUID=21A613C2-1520-41D7-862E-E024A3518A92 New ItemGUID= Old RevisionGUID=8F3B657E-5199-45F2-810A-1B04412F56BA New RevisionGUID=
Change Managed Component Library Link : Designator=C16 Old VaultGUID=B7D15EC3-160A-466F-A46C-7801FE6295A7 New VaultGUID= Old ItemGUID=06CA7359-33CE-4321-8156-9BC4B4439734 New ItemGUID= Old RevisionGUID=4B4B9517-3753-4DF6-8A6D-90FDDE7C9438 New RevisionGUID=
Change Managed Component Library Link : Designator=F1 Old VaultGUID=B7D15EC3-160A-466F-A46C-7801FE6295A7 New VaultGUID= Old ItemGUID=A80BC809-1D1F-4C95-9CD3-E9933473A743 New ItemGUID= Old RevisionGUID=C426A1B9-4182-4570-B05C-B589962B62BE New RevisionGUID=
Change Managed Component Library Link : Designator=R2 Old VaultGUID=B7D15EC3-160A-466F-A46C-7801FE6295A7 New VaultGUID= Old ItemGUID=956D9E3A-3B28-4141-9656-2C37F115D6ED New ItemGUID= Old RevisionGUID=5357BD9E-04BF-4673-97A2-8A7A2FBDB2AA New RevisionGUID=
Change Managed Component Library Link : Designator=R3 Old VaultGUID=B7D15EC3-160A-466F-A46C-7801FE6295A7 New VaultGUID= Old ItemGUID=45FA0D4D-83E2-4258-9039-7AC41BA7CE26 New ItemGUID= Old RevisionGUID=0A5684B7-CBDD-49DF-9B29-27E1FB0B65E6 New RevisionGUID=
Change Managed Component Library Link : Designator=R4 Old VaultGUID=B7D15EC3-160A-466F-A46C-7801FE6295A7 New VaultGUID= Old ItemGUID=58F7FC56-A0DD-42E6-B79F-7FF8885C42C0 New ItemGUID= Old RevisionGUID=7CA994FA-D9F6-4861-AEDE-6ADB952AD05C New RevisionGUID=
Change Managed Component Library Link : Designator=R5 Old VaultGUID=B7D15EC3-160A-466F-A46C-7801FE6295A7 New VaultGUID= Old ItemGUID=58F7FC56-A0DD-42E6-B79F-7FF8885C42C0 New ItemGUID= Old RevisionGUID=7CA994FA-D9F6-4861-AEDE-6ADB952AD05C New RevisionGUID=
Change Managed Component Library Link : Designator=R6 Old VaultGUID=B7D15EC3-160A-466F-A46C-7801FE6295A7 New VaultGUID= Old ItemGUID=58F7FC56-A0DD-42E6-B79F-7FF8885C42C0 New ItemGUID= Old RevisionGUID=7CA994FA-D9F6-4861-AEDE-6ADB952AD05C New RevisionGUID=
Change Managed Component Library Link : Designator=R7 Old VaultGUID=B7D15EC3-160A-466F-A46C-7801FE6295A7 New VaultGUID= Old ItemGUID=3371FAFD-DB4C-4CBE-9D42-182EB34EF34B New ItemGUID= Old RevisionGUID=521D31FF-A3A7-4319-8466-210B225A33BE New RevisionGUID=
Change Managed Component Library Link : Designator=R8 Old VaultGUID=B7D15EC3-160A-466F-A46C-7801FE6295A7 New VaultGUID= Old ItemGUID=58F7FC56-A0DD-42E6-B79F-7FF8885C42C0 New ItemGUID= Old RevisionGUID=7CA994FA-D9F6-4861-AEDE-6ADB952AD05C New RevisionGUID=
Change Managed Component Library Link : Designator=R9 Old VaultGUID=B7D15EC3-160A-466F-A46C-7801FE6295A7 New VaultGUID= Old ItemGUID=58F7FC56-A0DD-42E6-B79F-7FF8885C42C0 New ItemGUID= Old RevisionGUID=7CA994FA-D9F6-4861-AEDE-6ADB952AD05C New RevisionGUID=
Change Managed Component Library Link : Designator=R10 Old VaultGUID=B7D15EC3-160A-466F-A46C-7801FE6295A7 New VaultGUID= Old ItemGUID=58F7FC56-A0DD-42E6-B79F-7FF8885C42C0 New ItemGUID= Old RevisionGUID=7CA994FA-D9F6-4861-AEDE-6ADB952AD05C New RevisionGUID=
Change Managed Component Library Link : Designator=R11 Old VaultGUID=B7D15EC3-160A-466F-A46C-7801FE6295A7 New VaultGUID= Old ItemGUID=58F7FC56-A0DD-42E6-B79F-7FF8885C42C0 New ItemGUID= Old RevisionGUID=7CA994FA-D9F6-4861-AEDE-6ADB952AD05C New RevisionGUID=
Change Managed Component Library Link : Designator=R12 Old VaultGUID=B7D15EC3-160A-466F-A46C-7801FE6295A7 New VaultGUID= Old ItemGUID=58F7FC56-A0DD-42E6-B79F-7FF8885C42C0 New ItemGUID= Old RevisionGUID=7CA994FA-D9F6-4861-AEDE-6ADB952AD05C New RevisionGUID=
Change Managed Component Library Link : Designator=R13 Old VaultGUID=B7D15EC3-160A-466F-A46C-7801FE6295A7 New VaultGUID= Old ItemGUID=58F7FC56-A0DD-42E6-B79F-7FF8885C42C0 New ItemGUID= Old RevisionGUID=7CA994FA-D9F6-4861-AEDE-6ADB952AD05C New RevisionGUID=
Change Managed Component Library Link : Designator=R14 Old VaultGUID=B7D15EC3-160A-466F-A46C-7801FE6295A7 New VaultGUID= Old ItemGUID=58F7FC56-A0DD-42E6-B79F-7FF8885C42C0 New ItemGUID= Old RevisionGUID=7CA994FA-D9F6-4861-AEDE-6ADB952AD05C New RevisionGUID=
Change Managed Component Library Link : Designator=R15 Old VaultGUID=B7D15EC3-160A-466F-A46C-7801FE6295A7 New VaultGUID= Old ItemGUID=58F7FC56-A0DD-42E6-B79F-7FF8885C42C0 New ItemGUID= Old RevisionGUID=7CA994FA-D9F6-4861-AEDE-6ADB952AD05C New RevisionGUID=
Change Managed Component Library Link : Designator=R16 Old VaultGUID=B7D15EC3-160A-466F-A46C-7801FE6295A7 New VaultGUID= Old ItemGUID=58F7FC56-A0DD-42E6-B79F-7FF8885C42C0 New ItemGUID= Old RevisionGUID=7CA994FA-D9F6-4861-AEDE-6ADB952AD05C New RevisionGUID=
Change Managed Component Library Link : Designator=R18 Old VaultGUID=B7D15EC3-160A-466F-A46C-7801FE6295A7 New VaultGUID= Old ItemGUID=58F7FC56-A0DD-42E6-B79F-7FF8885C42C0 New ItemGUID= Old RevisionGUID=7CA994FA-D9F6-4861-AEDE-6ADB952AD05C New RevisionGUID=
Change Managed Component Library Link : Designator=R19 Old VaultGUID=B7D15EC3-160A-466F-A46C-7801FE6295A7 New VaultGUID= Old ItemGUID=58F7FC56-A0DD-42E6-B79F-7FF8885C42C0 New ItemGUID= Old RevisionGUID=7CA994FA-D9F6-4861-AEDE-6ADB952AD05C New RevisionGUID=
Change Managed Component Library Link : Designator=T1 Old VaultGUID=B7D15EC3-160A-466F-A46C-7801FE6295A7 New VaultGUID= Old ItemGUID=D2FE42B7-FCD4-41EE-A5B9-636E0A1E97BB New ItemGUID= Old RevisionGUID=C539B1F4-0AA4-417A-93E4-DA22F418E232 New RevisionGUID=
Change component parameters: Designator = "C1" ("C1"); Footprint = "FP-R46KF310040P1M-MFG"; UniqueID = "\ZQAEUXQN" ("\ZQAEUXQN")
Change component parameters: Designator = "C2" ("C2"); Footprint = "FP-R46KF310040P1M-MFG"; UniqueID = "\ZBDVRSHA" ("\ZBDVRSHA")
Change component parameters: Designator = "C3" ("C3"); Footprint = "FP-BXW18X30-MFG"; UniqueID = "\ESLIXMFP" ("\ESLIXMFP")
Change component parameters: Designator = "C4" ("C4"); Footprint = "FP-RAD-TH-D_6_3_0_5-L_11-MFG"; UniqueID = "\BJVJABEV" ("\BJVJABEV")
Change component parameters: Designator = "C5" ("C5"); Footprint = "FP-RDE0P1-MFG"; UniqueID = "\IBIZPDPX" ("\IBIZPDPX")
Change component parameters: Designator = "C6" ("C6"); Footprint = "FP-RDE0P1-MFG"; UniqueID = "\EYOZPKNG" ("\EYOZPKNG")
Change component parameters: Designator = "C7" ("C7"); Footprint = "FP-AR30-MFG"; UniqueID = "\XWXLCCPZ" ("\XWXLCCPZ")
Change component parameters: Designator = "C8" ("C8"); Footprint = "FP-RCE0DB-MFG"; UniqueID = "\NQXMINIT" ("\NQXMINIT")
Change component parameters: Designator = "C9" ("C9"); Footprint = "FP-AR30-MFG"; UniqueID = "\VMXGRAGC" ("\VMXGRAGC")
Change component parameters: Designator = "C10" ("C10"); Footprint = "FP-RDE2M1-MFG"; UniqueID = "\JBIUZPBC" ("\JBIUZPBC")
Change component parameters: Designator = "C11" ("C11"); Footprint = "FP-RAD-TH-D_10_0_5-L_20_2-MFG"; UniqueID = "\VRHHDYYQ" ("\VRHHDYYQ")
Change component parameters: Designator = "C12" ("C12"); Footprint = "FP-RCE0K1-MFG"; UniqueID = "\PWAOHJJV" ("\PWAOHJJV")
Change component parameters: Designator = "C13" ("C13"); Footprint = "FP-AR30-MFG"; UniqueID = "\FSRSOSPZ" ("\FSRSOSPZ")
Change component parameters: Designator = "C14" ("C14"); Footprint = "FP-RCE1K1-2_5-MFG"; UniqueID = "\MQEPDPHJ" ("\MQEPDPHJ")
Change component parameters: Designator = "C15" ("C15"); Footprint = "FP-RCE0K1-MFG"; UniqueID = "\OFQBLZCL" ("\OFQBLZCL")
Change component parameters: Designator = "C16" ("C16"); Footprint = "FP-AR30-MFG"; UniqueID = "\EGMECXQT" ("\EGMECXQT")
Change component parameters: Designator = "F1" ("F1"); Footprint = "FP-0218010_HXP-MFG"; UniqueID = "\LIOUCOGZ" ("\LIOUCOGZ")
Change component parameters: Designator = "R2" ("R2"); Footprint = "FP-PR02000201003JA100-MFG"; UniqueID = "\EMPGWGHM" ("\EMPGWGHM")
Change component parameters: Designator = "R3" ("R3"); Footprint = "FP-RLP01-MFG"; UniqueID = "\PEOAVFSC" ("\PEOAVFSC")
Change component parameters: Designator = "R4" ("R4"); Footprint = "RESA60-630X240"; UniqueID = "\CRVAJABI" ("\CRVAJABI")
Change component parameters: Designator = "R5" ("R5"); Footprint = "RESA60-630X240"; UniqueID = "\WCSTREXP" ("\WCSTREXP")
Change component parameters: Designator = "R6" ("R6"); Footprint = "RESA60-630X240"; UniqueID = "\VNLWWLMA" ("\VNLWWLMA")
Change component parameters: Designator = "R7" ("R7"); Footprint = "FP-RLP01-MFG"; UniqueID = "\MVDHLGTP" ("\MVDHLGTP")
Change component parameters: Designator = "R8" ("R8"); Footprint = "RESA60-630X240"; UniqueID = "\KNHAGCNL" ("\KNHAGCNL")
Change component parameters: Designator = "R9" ("R9"); Footprint = "RESA60-630X240"; UniqueID = "\LSVWRIYY" ("\LSVWRIYY")
Change component parameters: Designator = "R10" ("R10"); Footprint = "RESA60-630X240"; UniqueID = "\NLCFOFFH" ("\NLCFOFFH")
Change component parameters: Designator = "R11" ("R11"); Footprint = "RESA60-630X240"; UniqueID = "\VKBBRDMK" ("\VKBBRDMK")
Change component parameters: Designator = "R12" ("R12"); Footprint = "RESA60-630X240"; UniqueID = "\ZXHSAMTF" ("\ZXHSAMTF")
Change component parameters: Designator = "R13" ("R13"); Footprint = "RESA60-630X240"; UniqueID = "\ESQVKUKB" ("\ESQVKUKB")
Change component parameters: Designator = "R14" ("R14"); Footprint = "RESA60-630X240"; UniqueID = "\ZHROWBGW" ("\ZHROWBGW")
Change component parameters: Designator = "R15" ("R15"); Footprint = "RESA60-630X240"; UniqueID = "\PSEDYQRG" ("\PSEDYQRG")
Change component parameters: Designator = "R16" ("R16"); Footprint = "RESA60-630X240"; UniqueID = "\GLFMLLID" ("\GLFMLLID")
Change component parameters: Designator = "R18" ("R18"); Footprint = "RESA60-630X240"; UniqueID = "\ABXJTUCY" ("\ABXJTUCY")
Change component parameters: Designator = "R19" ("R19"); Footprint = "RESA60-630X240"; UniqueID = "\XTDKJOVY" ("\XTDKJOVY")
Change component parameters: Designator = "T1" ("T1"); Footprint = "WE-LLCR_ETD34"; UniqueID = "\DWJGVSUV" ("\DWJGVSUV")
Change component parameters (AddParameter): Name = "SimulationGenericComponent"; Value = "True"; VariantName = "[No Variations]"
Added Component: Designator=R20(R7-5)
Added Component: Designator=T2(DFKH14)
Add component (AddParameter): Name = "SimulationGenericComponent"; Value = "True"; VariantName = "[No Variations]"
Added Pin To Net: NetName=275V DC Pin=C3-1
Added Pin To Net: NetName=GND Pin=C3-2
Added Pin To Net: NetName=VCC Pin=C4-1
Added Pin To Net: NetName=GND Pin=C4-2
Added Pin To Net: NetName=48V Pin=C11-1
Added Pin To Net: NetName=GND Pin=C11-2
Add Pin To Net: Unknown Pin: Pin C12-1
Add Pin To Net: Unknown Pin: Pin C12-2
Added Pin To Net: NetName=NetC2_1 Pin=D1-1
Added Pin To Net: NetName=NetC2_1 Pin=D2-2
Added Pin To Net: NetName=NetC2_2 Pin=D3-1
Added Pin To Net: NetName=NetC2_2 Pin=D4-2
Added Pin To Net: NetName=Live Pin=F1-1A
Added Pin To Net: NetName=Live Pin=F1-1B
Added Pin To Net: NetName=NetC1_1 Pin=F1-2A
Added Pin To Net: NetName=NetC1_1 Pin=F1-2B
Add Pin To Net: Unknown Pin: Pin R2-1
Add Pin To Net: Unknown Pin: Pin R2-2
Add Pin To Net: Unknown Pin: Pin R3-1
Added Pin To Net: NetName=NetC6_1 Pin=R5-1
Added Pin To Net: NetName=NetC8_1 Pin=R5-2
Added Pin To Net: NetName=NetC7_2 Pin=R6-1
Added Pin To Net: NetName=NetC7_1 Pin=R6-2
Added Pin To Net: NetName=NetC16_1 Pin=R19-1
Added Pin To Net: NetName=NetC1_2 Pin=R20-1
Added Pin To Net: NetName=GND Pin=T1-1
Added Pin To Net: NetName=GND Pin=T1-2
Added Pin To Net: NetName=NetD5_1 Pin=T1-5
Added Pin To Net: NetName=NetD5_1 Pin=T1-6
Added Pin To Net: NetName=275V DC Pin=T1-7
Added Pin To Net: NetName=GND Pin=T1-8
Added Pin To Net: NetName=NetD6_2 Pin=T1-9
Added Pin To Net: NetName=NetD9_2 Pin=T1-12
Added Pin To Net: NetName=NetC1_2 Pin=T2-1
Added Pin To Net: NetName=NetC2_2 Pin=T2-2
Added Pin To Net: NetName=NetC2_1 Pin=T2-3
Added Pin To Net: NetName=NetC1_1 Pin=T2-4
Added Pin To Net: NetName=NetR3_2 Pin=R4-2
Added Pin To Net: NetName=NetR3_2 Pin=U2-3
Added Net: Name=NetR3_2
