Added Component: Designator=U?(LTST-LTV-817-4)
Add component (AddParameter): Name = "Datasheet URL"; Value = "http://optoelectronics.liteon.com/upload/download/DS70-2012-0050/S_110_LTV-8X7%20series%200915.pdf"; VariantName = "[No Variations]"
Add component (AddParameter): Name = "Datasheet Version"; Value = "Rev. E, 10/2015"; VariantName = "[No Variations]"
Add component (AddParameter): Name = "Family"; Value = "LTV817"; VariantName = "[No Variations]"
Add component (AddParameter): Name = "Input Type"; Value = "DC"; VariantName = "[No Variations]"
Add component (AddParameter): Name = "Manufacturer"; Value = "Lite-On"; VariantName = "[No Variations]"
Add component (AddParameter): Name = "Manufacturer URL"; Value = "http://www.us.liteon.com/"; VariantName = "[No Variations]"
Add component (AddParameter): Name = "Maximum Collector Current"; Value = "50mA"; VariantName = "[No Variations]"
Add component (AddParameter): Name = "Maximum Collector Emitter Saturation Voltage"; Value = "200mV"; VariantName = "[No Variations]"
Add component (AddParameter): Name = "Maximum Collector Emitter Voltage"; Value = "35V"; VariantName = "[No Variations]"
Add component (AddParameter): Name = "Maximum Current Transfer Ratio"; Value = "600%"; VariantName = "[No Variations]"
Add component (AddParameter): Name = "Maximum Fall Time"; Value = "18us"; VariantName = "[No Variations]"
Add component (AddParameter): Name = "Maximum Forward Voltage"; Value = "1.4V"; VariantName = "[No Variations]"
Add component (AddParameter): Name = "Maximum Input Current"; Value = "50mA"; VariantName = "[No Variations]"
Add component (AddParameter): Name = "Maximum Operating Temperature"; Value = "100C"; VariantName = "[No Variations]"
Add component (AddParameter): Name = "Maximum Power Dissipation"; Value = "200mW"; VariantName = "[No Variations]"
Add component (AddParameter): Name = "Maximum Reverse Voltage"; Value = "6V"; VariantName = "[No Variations]"
Add component (AddParameter): Name = "Maximum Rise Time"; Value = "18us"; VariantName = "[No Variations]"
Add component (AddParameter): Name = "Minimum Current Transfer Ratio"; Value = "50%"; VariantName = "[No Variations]"
Add component (AddParameter): Name = "Minimum Isolation Voltage"; Value = "5000Vrms"; VariantName = "[No Variations]"
Add component (AddParameter): Name = "Minimum Operating Temperature"; Value = "-30C"; VariantName = "[No Variations]"
Add component (AddParameter): Name = "Mounting"; Value = "ThroughHole"; VariantName = "[No Variations]"
Add component (AddParameter): Name = "Mounting Technology"; Value = "ThroughHole"; VariantName = "[No Variations]"
Add component (AddParameter): Name = "Number of Channels per Chip"; Value = "1"; VariantName = "[No Variations]"
Add component (AddParameter): Name = "Output Device"; Value = "Transistor"; VariantName = "[No Variations]"
Add component (AddParameter): Name = "Output Type"; Value = "DC"; VariantName = "[No Variations]"
Add component (AddParameter): Name = "Package Description"; Value = "4-Pin Double In-line Package, Body 6.5 x 4.6 mm, Pitch 2.54 mm"; VariantName = "[No Variations]"
Add component (AddParameter): Name = "Package Reference"; Value = "LTV-817"; VariantName = "[No Variations]"
Add component (AddParameter): Name = "Pin_Count"; Value = "4"; VariantName = "[No Variations]"
Add component (AddParameter): Name = "Product Height"; Value = "3.5mm"; VariantName = "[No Variations]"
Add component (AddParameter): Name = "Product Length"; Value = "4.6mm"; VariantName = "[No Variations]"
Add component (AddParameter): Name = "Product Type"; Value = "TransistorandPhotovoltaicOutputPhotoCouplers"; VariantName = "[No Variations]"
Add component (AddParameter): Name = "Product Width"; Value = "6.5mm"; VariantName = "[No Variations]"
Add component (AddParameter): Name = "Supplier_Package"; Value = "PDIP"; VariantName = "[No Variations]"
Add component (AddParameter): Name = "Typical Fall Time"; Value = "3us"; VariantName = "[No Variations]"
Add component (AddParameter): Name = "Typical Forward Voltage"; Value = "1.2V"; VariantName = "[No Variations]"
Add component (AddParameter): Name = "Typical Rise Time"; Value = "4us"; VariantName = "[No Variations]"
Added Pin To Net: NetName=NetR9_1 Pin=U?-2
